Aether Repository - artifactResolving: ut.simple:artifact:pom:1.0
Aether Repository - artifactDownloading: ut.simple:artifact:pom:1.0 from repo (file:/home/wael/apache-maven-3.9.8/maven-resolver-provider/target/test-classes/repo/, default, releases+snapshots)
Aether Transfer - transferInitiated: Downloading: file:/home/wael/apache-maven-3.9.8/maven-resolver-provider/target/test-classes/repo/ut/simple/artifact/1.0/artifact-1.0.pom
Aether Transfer - transferProgressed: 2/2 KB   [main] WARN org.eclipse.aether.internal.impl.WarnChecksumPolicy - Could not validate integrity of download from file:/home/wael/apache-maven-3.9.8/maven-resolver-provider/target/test-classes/repo/ut/simple/artifact/1.0/artifact-1.0.pom
org.eclipse.aether.transfer.ChecksumFailureException: Checksum validation failed, no checksums available
	at org.eclipse.aether.internal.impl.AbstractChecksumPolicy.onNoMoreChecksums(AbstractChecksumPolicy.java:63)
	at org.eclipse.aether.connector.basic.ChecksumValidator.validate(ChecksumValidator.java:112)
	at org.eclipse.aether.connector.basic.BasicRepositoryConnector$GetTaskRunner.runTask(BasicRepositoryConnector.java:484)
	at org.eclipse.aether.connector.basic.BasicRepositoryConnector$TaskRunner.run(BasicRepositoryConnector.java:414)
	at org.eclipse.aether.connector.basic.BasicRepositoryConnector.get(BasicRepositoryConnector.java:260)
	at org.eclipse.aether.internal.impl.DefaultArtifactResolver.performDownloads(DefaultArtifactResolver.java:537)
	at org.eclipse.aether.internal.impl.DefaultArtifactResolver.resolve(DefaultArtifactResolver.java:449)
	at org.eclipse.aether.internal.impl.DefaultArtifactResolver.resolveArtifacts(DefaultArtifactResolver.java:261)
	at org.eclipse.aether.internal.impl.DefaultArtifactResolver.resolveArtifact(DefaultArtifactResolver.java:243)
	at org.apache.maven.repository.internal.DefaultArtifactDescriptorReader.loadPom(DefaultArtifactDescriptorReader.java:241)
	at org.apache.maven.repository.internal.DefaultArtifactDescriptorReader.readArtifactDescriptor(DefaultArtifactDescriptorReader.java:182)
	at org.eclipse.aether.internal.impl.collect.DependencyCollectorDelegate.collectDependencies(DependencyCollectorDelegate.java:179)
	at org.eclipse.aether.internal.impl.collect.DefaultDependencyCollector.collectDependencies(DefaultDependencyCollector.java:87)
	at org.eclipse.aether.internal.impl.DefaultRepositorySystem.collectDependencies(DefaultRepositorySystem.java:306)
	at org.apache.maven.repository.internal.RepositorySystemTest.testCollectDependencies(RepositorySystemTest.java:113)
	at java.base/jdk.internal.reflect.NativeMethodAccessorImpl.invoke0(Native Method)
	at java.base/jdk.internal.reflect.NativeMethodAccessorImpl.invoke(NativeMethodAccessorImpl.java:77)
	at java.base/jdk.internal.reflect.DelegatingMethodAccessorImpl.invoke(DelegatingMethodAccessorImpl.java:43)
	at java.base/java.lang.reflect.Method.invoke(Method.java:569)
	at junit.framework.TestCase.runTest(TestCase.java:177)
	at junit.framework.TestCase.runBare(TestCase.java:142)
	at junit.framework.TestResult$1.protect(TestResult.java:122)
	at junit.framework.TestResult.runProtected(TestResult.java:142)
	at junit.framework.TestResult.run(TestResult.java:125)
	at junit.framework.TestCase.run(TestCase.java:130)
	at junit.framework.TestSuite.runTest(TestSuite.java:241)
	at junit.framework.TestSuite.run(TestSuite.java:236)
	at org.junit.internal.runners.JUnit38ClassRunner.run(JUnit38ClassRunner.java:90)
	at org.apache.maven.surefire.junit4.JUnit4Provider.execute(JUnit4Provider.java:316)
	at org.apache.maven.surefire.junit4.JUnit4Provider.executeWithRerun(JUnit4Provider.java:240)
	at org.apache.maven.surefire.junit4.JUnit4Provider.executeTestSet(JUnit4Provider.java:214)
	at org.apache.maven.surefire.junit4.JUnit4Provider.invoke(JUnit4Provider.java:155)
	at org.apache.maven.surefire.booter.ForkedBooter.runSuitesInProcess(ForkedBooter.java:385)
	at org.apache.maven.surefire.booter.ForkedBooter.execute(ForkedBooter.java:162)
	at org.apache.maven.surefire.booter.ForkedBooter.run(ForkedBooter.java:507)
	at org.apache.maven.surefire.booter.ForkedBooter.main(ForkedBooter.java:495)
Aether Transfer - transferCorrupted: class org.eclipse.aether.transfer.ChecksumFailureException: Checksum validation failed, no checksums available
         
Aether Transfer - transferSucceeded: Downloaded: file:/home/wael/apache-maven-3.9.8/maven-resolver-provider/target/test-classes/repo/ut/simple/artifact/1.0/artifact-1.0.pom (2 KB at 536.5 KB/sec)
Aether Repository - artifactDownloaded: ut.simple:artifact:pom:1.0 from repo (file:/home/wael/apache-maven-3.9.8/maven-resolver-provider/target/test-classes/repo/, default, releases+snapshots)
Aether Repository - artifactResolved: ut.simple:artifact:pom:1.0 from repo (file:/home/wael/apache-maven-3.9.8/maven-resolver-provider/target/test-classes/repo/, default, releases+snapshots)
Aether Repository - artifactResolving: ut.simple:parent:pom:1.0
Aether Repository - artifactDownloading: ut.simple:parent:pom:1.0 from repo (file:/home/wael/apache-maven-3.9.8/maven-resolver-provider/target/test-classes/repo/, default, releases+snapshots)
Aether Transfer - transferInitiated: Downloading: file:/home/wael/apache-maven-3.9.8/maven-resolver-provider/target/test-classes/repo/ut/simple/parent/1.0/parent-1.0.pom
Aether Transfer - transferProgressed: 2/2 KB   [main] WARN org.eclipse.aether.internal.impl.WarnChecksumPolicy - Could not validate integrity of download from file:/home/wael/apache-maven-3.9.8/maven-resolver-provider/target/test-classes/repo/ut/simple/parent/1.0/parent-1.0.pom
org.eclipse.aether.transfer.ChecksumFailureException: Checksum validation failed, no checksums available
	at org.eclipse.aether.internal.impl.AbstractChecksumPolicy.onNoMoreChecksums(AbstractChecksumPolicy.java:63)
	at org.eclipse.aether.connector.basic.ChecksumValidator.validate(ChecksumValidator.java:112)
	at org.eclipse.aether.connector.basic.BasicRepositoryConnector$GetTaskRunner.runTask(BasicRepositoryConnector.java:484)
	at org.eclipse.aether.connector.basic.BasicRepositoryConnector$TaskRunner.run(BasicRepositoryConnector.java:414)
	at org.eclipse.aether.connector.basic.BasicRepositoryConnector.get(BasicRepositoryConnector.java:260)
	at org.eclipse.aether.internal.impl.DefaultArtifactResolver.performDownloads(DefaultArtifactResolver.java:537)
	at org.eclipse.aether.internal.impl.DefaultArtifactResolver.resolve(DefaultArtifactResolver.java:449)
	at org.eclipse.aether.internal.impl.DefaultArtifactResolver.resolveArtifacts(DefaultArtifactResolver.java:261)
	at org.eclipse.aether.internal.impl.DefaultArtifactResolver.resolveArtifact(DefaultArtifactResolver.java:243)
	at org.apache.maven.repository.internal.DefaultModelResolver.resolveModel(DefaultModelResolver.java:158)
	at org.apache.maven.repository.internal.DefaultModelResolver.resolveModel(DefaultModelResolver.java:204)
	at org.apache.maven.model.building.DefaultModelBuilder.readParentExternally(DefaultModelBuilder.java:1029)
	at org.apache.maven.model.building.DefaultModelBuilder.readParent(DefaultModelBuilder.java:821)
	at org.apache.maven.model.building.DefaultModelBuilder.build(DefaultModelBuilder.java:335)
	at org.apache.maven.model.building.DefaultModelBuilder.build(DefaultModelBuilder.java:247)
	at org.apache.maven.repository.internal.DefaultArtifactDescriptorReader.loadPom(DefaultArtifactDescriptorReader.java:291)
	at org.apache.maven.repository.internal.DefaultArtifactDescriptorReader.readArtifactDescriptor(DefaultArtifactDescriptorReader.java:182)
	at org.eclipse.aether.internal.impl.collect.DependencyCollectorDelegate.collectDependencies(DependencyCollectorDelegate.java:179)
	at org.eclipse.aether.internal.impl.collect.DefaultDependencyCollector.collectDependencies(DefaultDependencyCollector.java:87)
	at org.eclipse.aether.internal.impl.DefaultRepositorySystem.collectDependencies(DefaultRepositorySystem.java:306)
	at org.apache.maven.repository.internal.RepositorySystemTest.testCollectDependencies(RepositorySystemTest.java:113)
	at java.base/jdk.internal.reflect.NativeMethodAccessorImpl.invoke0(Native Method)
	at java.base/jdk.internal.reflect.NativeMethodAccessorImpl.invoke(NativeMethodAccessorImpl.java:77)
	at java.base/jdk.internal.reflect.DelegatingMethodAccessorImpl.invoke(DelegatingMethodAccessorImpl.java:43)
	at java.base/java.lang.reflect.Method.invoke(Method.java:569)
	at junit.framework.TestCase.runTest(TestCase.java:177)
	at junit.framework.TestCase.runBare(TestCase.java:142)
	at junit.framework.TestResult$1.protect(TestResult.java:122)
	at junit.framework.TestResult.runProtected(TestResult.java:142)
	at junit.framework.TestResult.run(TestResult.java:125)
	at junit.framework.TestCase.run(TestCase.java:130)
	at junit.framework.TestSuite.runTest(TestSuite.java:241)
	at junit.framework.TestSuite.run(TestSuite.java:236)
	at org.junit.internal.runners.JUnit38ClassRunner.run(JUnit38ClassRunner.java:90)
	at org.apache.maven.surefire.junit4.JUnit4Provider.execute(JUnit4Provider.java:316)
	at org.apache.maven.surefire.junit4.JUnit4Provider.executeWithRerun(JUnit4Provider.java:240)
	at org.apache.maven.surefire.junit4.JUnit4Provider.executeTestSet(JUnit4Provider.java:214)
	at org.apache.maven.surefire.junit4.JUnit4Provider.invoke(JUnit4Provider.java:155)
	at org.apache.maven.surefire.booter.ForkedBooter.runSuitesInProcess(ForkedBooter.java:385)
	at org.apache.maven.surefire.booter.ForkedBooter.execute(ForkedBooter.java:162)
	at org.apache.maven.surefire.booter.ForkedBooter.run(ForkedBooter.java:507)
	at org.apache.maven.surefire.booter.ForkedBooter.main(ForkedBooter.java:495)
Aether Transfer - transferCorrupted: class org.eclipse.aether.transfer.ChecksumFailureException: Checksum validation failed, no checksums available
         
Aether Transfer - transferSucceeded: Downloaded: file:/home/wael/apache-maven-3.9.8/maven-resolver-provider/target/test-classes/repo/ut/simple/parent/1.0/parent-1.0.pom (2 KB at 744.1 KB/sec)
Aether Repository - artifactDownloaded: ut.simple:parent:pom:1.0 from repo (file:/home/wael/apache-maven-3.9.8/maven-resolver-provider/target/test-classes/repo/, default, releases+snapshots)
Aether Repository - artifactResolved: ut.simple:parent:pom:1.0 from repo (file:/home/wael/apache-maven-3.9.8/maven-resolver-provider/target/test-classes/repo/, default, releases+snapshots)
Aether Repository - artifactResolving: ut.simple:dependency:pom:1.0
Aether Repository - artifactDownloading: ut.simple:dependency:pom:1.0 from repo (file:/home/wael/apache-maven-3.9.8/maven-resolver-provider/target/test-classes/repo/, default, releases+snapshots)
Aether Transfer - transferInitiated: Downloading: file:/home/wael/apache-maven-3.9.8/maven-resolver-provider/target/test-classes/repo/ut/simple/dependency/1.0/dependency-1.0.pom
Aether Transfer - transferProgressed: 2/2 KB   [main] WARN org.eclipse.aether.internal.impl.WarnChecksumPolicy - Could not validate integrity of download from file:/home/wael/apache-maven-3.9.8/maven-resolver-provider/target/test-classes/repo/ut/simple/dependency/1.0/dependency-1.0.pom
org.eclipse.aether.transfer.ChecksumFailureException: Checksum validation failed, no checksums available
	at org.eclipse.aether.internal.impl.AbstractChecksumPolicy.onNoMoreChecksums(AbstractChecksumPolicy.java:63)
	at org.eclipse.aether.connector.basic.ChecksumValidator.validate(ChecksumValidator.java:112)
	at org.eclipse.aether.connector.basic.BasicRepositoryConnector$GetTaskRunner.runTask(BasicRepositoryConnector.java:484)
	at org.eclipse.aether.connector.basic.BasicRepositoryConnector$TaskRunner.run(BasicRepositoryConnector.java:414)
	at org.eclipse.aether.connector.basic.BasicRepositoryConnector.get(BasicRepositoryConnector.java:260)
	at org.eclipse.aether.internal.impl.DefaultArtifactResolver.performDownloads(DefaultArtifactResolver.java:537)
	at org.eclipse.aether.internal.impl.DefaultArtifactResolver.resolve(DefaultArtifactResolver.java:449)
	at org.eclipse.aether.internal.impl.DefaultArtifactResolver.resolveArtifacts(DefaultArtifactResolver.java:261)
	at org.eclipse.aether.internal.impl.DefaultArtifactResolver.resolveArtifact(DefaultArtifactResolver.java:243)
	at org.apache.maven.repository.internal.DefaultArtifactDescriptorReader.loadPom(DefaultArtifactDescriptorReader.java:241)
	at org.apache.maven.repository.internal.DefaultArtifactDescriptorReader.readArtifactDescriptor(DefaultArtifactDescriptorReader.java:182)
	at org.eclipse.aether.internal.impl.collect.df.DfDependencyCollector.resolveCachedArtifactDescriptor(DfDependencyCollector.java:382)
	at org.eclipse.aether.internal.impl.collect.df.DfDependencyCollector.getArtifactDescriptorResult(DfDependencyCollector.java:368)
	at org.eclipse.aether.internal.impl.collect.df.DfDependencyCollector.processDependency(DfDependencyCollector.java:218)
	at org.eclipse.aether.internal.impl.collect.df.DfDependencyCollector.processDependency(DfDependencyCollector.java:156)
	at org.eclipse.aether.internal.impl.collect.df.DfDependencyCollector.process(DfDependencyCollector.java:138)
	at org.eclipse.aether.internal.impl.collect.df.DfDependencyCollector.doCollectDependencies(DfDependencyCollector.java:108)
	at org.eclipse.aether.internal.impl.collect.DependencyCollectorDelegate.collectDependencies(DependencyCollectorDelegate.java:222)
	at org.eclipse.aether.internal.impl.collect.DefaultDependencyCollector.collectDependencies(DefaultDependencyCollector.java:87)
	at org.eclipse.aether.internal.impl.DefaultRepositorySystem.collectDependencies(DefaultRepositorySystem.java:306)
	at org.apache.maven.repository.internal.RepositorySystemTest.testCollectDependencies(RepositorySystemTest.java:113)
	at java.base/jdk.internal.reflect.NativeMethodAccessorImpl.invoke0(Native Method)
	at java.base/jdk.internal.reflect.NativeMethodAccessorImpl.invoke(NativeMethodAccessorImpl.java:77)
	at java.base/jdk.internal.reflect.DelegatingMethodAccessorImpl.invoke(DelegatingMethodAccessorImpl.java:43)
	at java.base/java.lang.reflect.Method.invoke(Method.java:569)
	at junit.framework.TestCase.runTest(TestCase.java:177)
	at junit.framework.TestCase.runBare(TestCase.java:142)
	at junit.framework.TestResult$1.protect(TestResult.java:122)
	at junit.framework.TestResult.runProtected(TestResult.java:142)
	at junit.framework.TestResult.run(TestResult.java:125)
	at junit.framework.TestCase.run(TestCase.java:130)
	at junit.framework.TestSuite.runTest(TestSuite.java:241)
	at junit.framework.TestSuite.run(TestSuite.java:236)
	at org.junit.internal.runners.JUnit38ClassRunner.run(JUnit38ClassRunner.java:90)
	at org.apache.maven.surefire.junit4.JUnit4Provider.execute(JUnit4Provider.java:316)
	at org.apache.maven.surefire.junit4.JUnit4Provider.executeWithRerun(JUnit4Provider.java:240)
	at org.apache.maven.surefire.junit4.JUnit4Provider.executeTestSet(JUnit4Provider.java:214)
	at org.apache.maven.surefire.junit4.JUnit4Provider.invoke(JUnit4Provider.java:155)
	at org.apache.maven.surefire.booter.ForkedBooter.runSuitesInProcess(ForkedBooter.java:385)
	at org.apache.maven.surefire.booter.ForkedBooter.execute(ForkedBooter.java:162)
	at org.apache.maven.surefire.booter.ForkedBooter.run(ForkedBooter.java:507)
	at org.apache.maven.surefire.booter.ForkedBooter.main(ForkedBooter.java:495)
Aether Transfer - transferCorrupted: class org.eclipse.aether.transfer.ChecksumFailureException: Checksum validation failed, no checksums available
         
Aether Transfer - transferSucceeded: Downloaded: file:/home/wael/apache-maven-3.9.8/maven-resolver-provider/target/test-classes/repo/ut/simple/dependency/1.0/dependency-1.0.pom (2 KB at 410.2 KB/sec)
Aether Repository - artifactDownloaded: ut.simple:dependency:pom:1.0 from repo (file:/home/wael/apache-maven-3.9.8/maven-resolver-provider/target/test-classes/repo/, default, releases+snapshots)
Aether Repository - artifactResolved: ut.simple:dependency:pom:1.0 from repo (file:/home/wael/apache-maven-3.9.8/maven-resolver-provider/target/test-classes/repo/, default, releases+snapshots)
Aether Repository - artifactResolving: ut.simple:dependency:pom:1.0
Aether Repository - artifactResolved: ut.simple:dependency:pom:1.0 from repo (file:/home/wael/apache-maven-3.9.8/maven-resolver-provider/target/test-classes/repo/, default, releases+snapshots)
Aether Repository - artifactResolving: ut.simple:artifact:pom:1.0
Aether Repository - artifactResolved: ut.simple:artifact:pom:1.0 from repo (file:/home/wael/apache-maven-3.9.8/maven-resolver-provider/target/test-classes/repo/, default, releases+snapshots)
Aether Repository - artifactResolving: ut.simple:parent:pom:1.0
Aether Repository - artifactResolved: ut.simple:parent:pom:1.0 from repo (file:/home/wael/apache-maven-3.9.8/maven-resolver-provider/target/test-classes/repo/, default, releases+snapshots)
Aether Repository - artifactResolving: ut.simple:artifact:jar:1.0
Aether Repository - artifactDownloading: ut.simple:artifact:jar:1.0 from repo (file:/home/wael/apache-maven-3.9.8/maven-resolver-provider/target/test-classes/repo/, default, releases+snapshots)
Aether Transfer - transferInitiated: Downloading: file:/home/wael/apache-maven-3.9.8/maven-resolver-provider/target/test-classes/repo/ut/simple/artifact/1.0/artifact-1.0.jar
[main] WARN org.eclipse.aether.internal.impl.WarnChecksumPolicy - Could not validate integrity of download from file:/home/wael/apache-maven-3.9.8/maven-resolver-provider/target/test-classes/repo/ut/simple/artifact/1.0/artifact-1.0.jar
org.eclipse.aether.transfer.ChecksumFailureException: Checksum validation failed, no checksums available
	at org.eclipse.aether.internal.impl.AbstractChecksumPolicy.onNoMoreChecksums(AbstractChecksumPolicy.java:63)
	at org.eclipse.aether.connector.basic.ChecksumValidator.validate(ChecksumValidator.java:112)
	at org.eclipse.aether.connector.basic.BasicRepositoryConnector$GetTaskRunner.runTask(BasicRepositoryConnector.java:484)
	at org.eclipse.aether.connector.basic.BasicRepositoryConnector$TaskRunner.run(BasicRepositoryConnector.java:414)
	at org.eclipse.aether.connector.basic.BasicRepositoryConnector.get(BasicRepositoryConnector.java:260)
	at org.eclipse.aether.internal.impl.DefaultArtifactResolver.performDownloads(DefaultArtifactResolver.java:537)
	at org.eclipse.aether.internal.impl.DefaultArtifactResolver.resolve(DefaultArtifactResolver.java:449)
	at org.eclipse.aether.internal.impl.DefaultArtifactResolver.resolveArtifacts(DefaultArtifactResolver.java:261)
	at org.eclipse.aether.internal.impl.DefaultArtifactResolver.resolveArtifact(DefaultArtifactResolver.java:243)
	at org.eclipse.aether.internal.impl.DefaultRepositorySystem.resolveArtifact(DefaultRepositorySystem.java:278)
	at org.apache.maven.repository.internal.RepositorySystemTest.testResolveArtifact(RepositorySystemTest.java:128)
	at java.base/jdk.internal.reflect.NativeMethodAccessorImpl.invoke0(Native Method)
	at java.base/jdk.internal.reflect.NativeMethodAccessorImpl.invoke(NativeMethodAccessorImpl.java:77)
	at java.base/jdk.internal.reflect.DelegatingMethodAccessorImpl.invoke(DelegatingMethodAccessorImpl.java:43)
	at java.base/java.lang.reflect.Method.invoke(Method.java:569)
	at junit.framework.TestCase.runTest(TestCase.java:177)
	at junit.framework.TestCase.runBare(TestCase.java:142)
	at junit.framework.TestResult$1.protect(TestResult.java:122)
	at junit.framework.TestResult.runProtected(TestResult.java:142)
	at junit.framework.TestResult.run(TestResult.java:125)
	at junit.framework.TestCase.run(TestCase.java:130)
	at junit.framework.TestSuite.runTest(TestSuite.java:241)
	at junit.framework.TestSuite.run(TestSuite.java:236)
	at org.junit.internal.runners.JUnit38ClassRunner.run(JUnit38ClassRunner.java:90)
	at org.apache.maven.surefire.junit4.JUnit4Provider.execute(JUnit4Provider.java:316)
	at org.apache.maven.surefire.junit4.JUnit4Provider.executeWithRerun(JUnit4Provider.java:240)
	at org.apache.maven.surefire.junit4.JUnit4Provider.executeTestSet(JUnit4Provider.java:214)
	at org.apache.maven.surefire.junit4.JUnit4Provider.invoke(JUnit4Provider.java:155)
	at org.apache.maven.surefire.booter.ForkedBooter.runSuitesInProcess(ForkedBooter.java:385)
	at org.apache.maven.surefire.booter.ForkedBooter.execute(ForkedBooter.java:162)
	at org.apache.maven.surefire.booter.ForkedBooter.run(ForkedBooter.java:507)
	at org.apache.maven.surefire.booter.ForkedBooter.main(ForkedBooter.java:495)
Aether Transfer - transferCorrupted: class org.eclipse.aether.transfer.ChecksumFailureException: Checksum validation failed, no checksums available

Aether Transfer - transferSucceeded: Downloaded: file:/home/wael/apache-maven-3.9.8/maven-resolver-provider/target/test-classes/repo/ut/simple/artifact/1.0/artifact-1.0.jar (0 B at 0.0 KB/sec)
Aether Repository - artifactDownloaded: ut.simple:artifact:jar:1.0 from repo (file:/home/wael/apache-maven-3.9.8/maven-resolver-provider/target/test-classes/repo/, default, releases+snapshots)
Aether Repository - artifactResolved: ut.simple:artifact:jar:1.0 from repo (file:/home/wael/apache-maven-3.9.8/maven-resolver-provider/target/test-classes/repo/, default, releases+snapshots)
Aether Repository - artifactResolving: ut.simple:artifact:zip:1.0
Aether Repository - artifactDownloading: ut.simple:artifact:zip:1.0 from repo (file:/home/wael/apache-maven-3.9.8/maven-resolver-provider/target/test-classes/repo/, default, releases+snapshots)
Aether Transfer - transferInitiated: Downloading: file:/home/wael/apache-maven-3.9.8/maven-resolver-provider/target/test-classes/repo/ut/simple/artifact/1.0/artifact-1.0.zip
[main] WARN org.eclipse.aether.internal.impl.WarnChecksumPolicy - Could not validate integrity of download from file:/home/wael/apache-maven-3.9.8/maven-resolver-provider/target/test-classes/repo/ut/simple/artifact/1.0/artifact-1.0.zip
org.eclipse.aether.transfer.ChecksumFailureException: Checksum validation failed, no checksums available
	at org.eclipse.aether.internal.impl.AbstractChecksumPolicy.onNoMoreChecksums(AbstractChecksumPolicy.java:63)
	at org.eclipse.aether.connector.basic.ChecksumValidator.validate(ChecksumValidator.java:112)
	at org.eclipse.aether.connector.basic.BasicRepositoryConnector$GetTaskRunner.runTask(BasicRepositoryConnector.java:484)
	at org.eclipse.aether.connector.basic.BasicRepositoryConnector$TaskRunner.run(BasicRepositoryConnector.java:414)
	at org.eclipse.aether.connector.basic.BasicRepositoryConnector.get(BasicRepositoryConnector.java:260)
	at org.eclipse.aether.internal.impl.DefaultArtifactResolver.performDownloads(DefaultArtifactResolver.java:537)
	at org.eclipse.aether.internal.impl.DefaultArtifactResolver.resolve(DefaultArtifactResolver.java:449)
	at org.eclipse.aether.internal.impl.DefaultArtifactResolver.resolveArtifacts(DefaultArtifactResolver.java:261)
	at org.eclipse.aether.internal.impl.DefaultArtifactResolver.resolveArtifact(DefaultArtifactResolver.java:243)
	at org.eclipse.aether.internal.impl.DefaultRepositorySystem.resolveArtifact(DefaultRepositorySystem.java:278)
	at org.apache.maven.repository.internal.RepositorySystemTest.testResolveArtifact(RepositorySystemTest.java:133)
	at java.base/jdk.internal.reflect.NativeMethodAccessorImpl.invoke0(Native Method)
	at java.base/jdk.internal.reflect.NativeMethodAccessorImpl.invoke(NativeMethodAccessorImpl.java:77)
	at java.base/jdk.internal.reflect.DelegatingMethodAccessorImpl.invoke(DelegatingMethodAccessorImpl.java:43)
	at java.base/java.lang.reflect.Method.invoke(Method.java:569)
	at junit.framework.TestCase.runTest(TestCase.java:177)
	at junit.framework.TestCase.runBare(TestCase.java:142)
	at junit.framework.TestResult$1.protect(TestResult.java:122)
	at junit.framework.TestResult.runProtected(TestResult.java:142)
	at junit.framework.TestResult.run(TestResult.java:125)
	at junit.framework.TestCase.run(TestCase.java:130)
	at junit.framework.TestSuite.runTest(TestSuite.java:241)
	at junit.framework.TestSuite.run(TestSuite.java:236)
	at org.junit.internal.runners.JUnit38ClassRunner.run(JUnit38ClassRunner.java:90)
	at org.apache.maven.surefire.junit4.JUnit4Provider.execute(JUnit4Provider.java:316)
	at org.apache.maven.surefire.junit4.JUnit4Provider.executeWithRerun(JUnit4Provider.java:240)
	at org.apache.maven.surefire.junit4.JUnit4Provider.executeTestSet(JUnit4Provider.java:214)
	at org.apache.maven.surefire.junit4.JUnit4Provider.invoke(JUnit4Provider.java:155)
	at org.apache.maven.surefire.booter.ForkedBooter.runSuitesInProcess(ForkedBooter.java:385)
	at org.apache.maven.surefire.booter.ForkedBooter.execute(ForkedBooter.java:162)
	at org.apache.maven.surefire.booter.ForkedBooter.run(ForkedBooter.java:507)
	at org.apache.maven.surefire.booter.ForkedBooter.main(ForkedBooter.java:495)
Aether Transfer - transferCorrupted: class org.eclipse.aether.transfer.ChecksumFailureException: Checksum validation failed, no checksums available

Aether Transfer - transferSucceeded: Downloaded: file:/home/wael/apache-maven-3.9.8/maven-resolver-provider/target/test-classes/repo/ut/simple/artifact/1.0/artifact-1.0.zip (0 B at 0.0 KB/sec)
Aether Repository - artifactDownloaded: ut.simple:artifact:zip:1.0 from repo (file:/home/wael/apache-maven-3.9.8/maven-resolver-provider/target/test-classes/repo/, default, releases+snapshots)
Aether Repository - artifactResolved: ut.simple:artifact:zip:1.0 from repo (file:/home/wael/apache-maven-3.9.8/maven-resolver-provider/target/test-classes/repo/, default, releases+snapshots)
Aether Repository - artifactResolving: ut.simple:artifact:zip:classifier:1.0
Aether Repository - artifactDownloading: ut.simple:artifact:zip:classifier:1.0 from repo (file:/home/wael/apache-maven-3.9.8/maven-resolver-provider/target/test-classes/repo/, default, releases+snapshots)
Aether Transfer - transferInitiated: Downloading: file:/home/wael/apache-maven-3.9.8/maven-resolver-provider/target/test-classes/repo/ut/simple/artifact/1.0/artifact-1.0-classifier.zip
[main] WARN org.eclipse.aether.internal.impl.WarnChecksumPolicy - Could not validate integrity of download from file:/home/wael/apache-maven-3.9.8/maven-resolver-provider/target/test-classes/repo/ut/simple/artifact/1.0/artifact-1.0-classifier.zip
org.eclipse.aether.transfer.ChecksumFailureException: Checksum validation failed, no checksums available
	at org.eclipse.aether.internal.impl.AbstractChecksumPolicy.onNoMoreChecksums(AbstractChecksumPolicy.java:63)
	at org.eclipse.aether.connector.basic.ChecksumValidator.validate(ChecksumValidator.java:112)
	at org.eclipse.aether.connector.basic.BasicRepositoryConnector$GetTaskRunner.runTask(BasicRepositoryConnector.java:484)
	at org.eclipse.aether.connector.basic.BasicRepositoryConnector$TaskRunner.run(BasicRepositoryConnector.java:414)
	at org.eclipse.aether.connector.basic.BasicRepositoryConnector.get(BasicRepositoryConnector.java:260)
	at org.eclipse.aether.internal.impl.DefaultArtifactResolver.performDownloads(DefaultArtifactResolver.java:537)
	at org.eclipse.aether.internal.impl.DefaultArtifactResolver.resolve(DefaultArtifactResolver.java:449)
	at org.eclipse.aether.internal.impl.DefaultArtifactResolver.resolveArtifacts(DefaultArtifactResolver.java:261)
	at org.eclipse.aether.internal.impl.DefaultArtifactResolver.resolveArtifact(DefaultArtifactResolver.java:243)
	at org.eclipse.aether.internal.impl.DefaultRepositorySystem.resolveArtifact(DefaultRepositorySystem.java:278)
	at org.apache.maven.repository.internal.RepositorySystemTest.testResolveArtifact(RepositorySystemTest.java:138)
	at java.base/jdk.internal.reflect.NativeMethodAccessorImpl.invoke0(Native Method)
	at java.base/jdk.internal.reflect.NativeMethodAccessorImpl.invoke(NativeMethodAccessorImpl.java:77)
	at java.base/jdk.internal.reflect.DelegatingMethodAccessorImpl.invoke(DelegatingMethodAccessorImpl.java:43)
	at java.base/java.lang.reflect.Method.invoke(Method.java:569)
	at junit.framework.TestCase.runTest(TestCase.java:177)
	at junit.framework.TestCase.runBare(TestCase.java:142)
	at junit.framework.TestResult$1.protect(TestResult.java:122)
	at junit.framework.TestResult.runProtected(TestResult.java:142)
	at junit.framework.TestResult.run(TestResult.java:125)
	at junit.framework.TestCase.run(TestCase.java:130)
	at junit.framework.TestSuite.runTest(TestSuite.java:241)
	at junit.framework.TestSuite.run(TestSuite.java:236)
	at org.junit.internal.runners.JUnit38ClassRunner.run(JUnit38ClassRunner.java:90)
	at org.apache.maven.surefire.junit4.JUnit4Provider.execute(JUnit4Provider.java:316)
	at org.apache.maven.surefire.junit4.JUnit4Provider.executeWithRerun(JUnit4Provider.java:240)
	at org.apache.maven.surefire.junit4.JUnit4Provider.executeTestSet(JUnit4Provider.java:214)
	at org.apache.maven.surefire.junit4.JUnit4Provider.invoke(JUnit4Provider.java:155)
	at org.apache.maven.surefire.booter.ForkedBooter.runSuitesInProcess(ForkedBooter.java:385)
	at org.apache.maven.surefire.booter.ForkedBooter.execute(ForkedBooter.java:162)
	at org.apache.maven.surefire.booter.ForkedBooter.run(ForkedBooter.java:507)
	at org.apache.maven.surefire.booter.ForkedBooter.main(ForkedBooter.java:495)
Aether Transfer - transferCorrupted: class org.eclipse.aether.transfer.ChecksumFailureException: Checksum validation failed, no checksums available

Aether Transfer - transferSucceeded: Downloaded: file:/home/wael/apache-maven-3.9.8/maven-resolver-provider/target/test-classes/repo/ut/simple/artifact/1.0/artifact-1.0-classifier.zip (0 B at 0.0 KB/sec)
Aether Repository - artifactDownloaded: ut.simple:artifact:zip:classifier:1.0 from repo (file:/home/wael/apache-maven-3.9.8/maven-resolver-provider/target/test-classes/repo/, default, releases+snapshots)
Aether Repository - artifactResolved: ut.simple:artifact:zip:classifier:1.0 from repo (file:/home/wael/apache-maven-3.9.8/maven-resolver-provider/target/test-classes/repo/, default, releases+snapshots)
Aether Repository - artifactResolving: ut.simple:artifact:jar:1.0
Aether Repository - artifactResolved: ut.simple:artifact:jar:1.0 from repo (file:/home/wael/apache-maven-3.9.8/maven-resolver-provider/target/test-classes/repo/, default, releases+snapshots)
Aether Repository - artifactResolving: ut.simple:artifact:zip:1.0
Aether Repository - artifactResolved: ut.simple:artifact:zip:1.0 from repo (file:/home/wael/apache-maven-3.9.8/maven-resolver-provider/target/test-classes/repo/, default, releases+snapshots)
Aether Repository - artifactResolving: ut.simple:artifact:zip:classifier:1.0
Aether Repository - artifactResolved: ut.simple:artifact:zip:classifier:1.0 from repo (file:/home/wael/apache-maven-3.9.8/maven-resolver-provider/target/test-classes/repo/, default, releases+snapshots)
