<?xml version="1.0" encoding="UTF-8"?>
<testsuite xmlns:xsi="http://www.w3.org/2001/XMLSchema-instance" xsi:noNamespaceSchemaLocation="https://maven.apache.org/surefire/maven-surefire-plugin/xsd/surefire-test-report-3.0.xsd" version="3.0" name="org.apache.maven.cli.MavenCliTest" time="0.69" tests="11" errors="0" skipped="0" failures="0">
  <properties>
[...]
</properties>
  <testcase name="testMVNConfigurationThreadCanBeOverwrittenViaCommandLine" classname="org.apache.maven.cli.MavenCliTest" time="0.008"/>
  <testcase name="testStyleColors" classname="org.apache.maven.cli.MavenCliTest" time="0.02">
    <system-err><![CDATA[SLF4J: Class path contains multiple SLF4J bindings.
SLF4J: Found binding in [jar:file:/home/wael/.m2/repository/org/slf4j/slf4j-simple/1.7.36/slf4j-simple-1.7.36.jar!/org/slf4j/impl/StaticLoggerBinder.class]
SLF4J: Found binding in [jar:file:/home/wael/.m2/repository/ch/qos/logback/logback-classic/1.2.13/logback-classic-1.2.13.jar!/org/slf4j/impl/StaticLoggerBinder.class]
SLF4J: See http://www.slf4j.org/codes.html#multiple_bindings for an explanation.
SLF4J: Actual binding is of type [org.slf4j.impl.SimpleLoggerFactory]
SLF4J: Class path contains multiple SLF4J bindings.
SLF4J: Found binding in [jar:file:/home/wael/.m2/repository/org/slf4j/slf4j-simple/1.7.36/slf4j-simple-1.7.36.jar!/org/slf4j/impl/StaticLoggerBinder.class]
SLF4J: Found binding in [jar:file:/home/wael/.m2/repository/ch/qos/logback/logback-classic/1.2.13/logback-classic-1.2.13.jar!/org/slf4j/impl/StaticLoggerBinder.class]
SLF4J: See http://www.slf4j.org/codes.html#multiple_bindings for an explanation.
SLF4J: Actual binding is of type [org.slf4j.impl.SimpleLoggerFactory]
SLF4J: Class path contains multiple SLF4J bindings.
SLF4J: Found binding in [jar:file:/home/wael/.m2/repository/org/slf4j/slf4j-simple/1.7.36/slf4j-simple-1.7.36.jar!/org/slf4j/impl/StaticLoggerBinder.class]
SLF4J: Found binding in [jar:file:/home/wael/.m2/repository/ch/qos/logback/logback-classic/1.2.13/logback-classic-1.2.13.jar!/org/slf4j/impl/StaticLoggerBinder.class]
SLF4J: See http://www.slf4j.org/codes.html#multiple_bindings for an explanation.
SLF4J: Actual binding is of type [org.slf4j.impl.SimpleLoggerFactory]
SLF4J: Class path contains multiple SLF4J bindings.
SLF4J: Found binding in [jar:file:/home/wael/.m2/repository/org/slf4j/slf4j-simple/1.7.36/slf4j-simple-1.7.36.jar!/org/slf4j/impl/StaticLoggerBinder.class]
SLF4J: Found binding in [jar:file:/home/wael/.m2/repository/ch/qos/logback/logback-classic/1.2.13/logback-classic-1.2.13.jar!/org/slf4j/impl/StaticLoggerBinder.class]
SLF4J: See http://www.slf4j.org/codes.html#multiple_bindings for an explanation.
SLF4J: Actual binding is of type [org.slf4j.impl.SimpleLoggerFactory]
SLF4J: Class path contains multiple SLF4J bindings.
SLF4J: Found binding in [jar:file:/home/wael/.m2/repository/org/slf4j/slf4j-simple/1.7.36/slf4j-simple-1.7.36.jar!/org/slf4j/impl/StaticLoggerBinder.class]
SLF4J: Found binding in [jar:file:/home/wael/.m2/repository/ch/qos/logback/logback-classic/1.2.13/logback-classic-1.2.13.jar!/org/slf4j/impl/StaticLoggerBinder.class]
SLF4J: See http://www.slf4j.org/codes.html#multiple_bindings for an explanation.
SLF4J: Actual binding is of type [org.slf4j.impl.SimpleLoggerFactory]
]]></system-err>
  </testcase>
  <testcase name="testMVNConfigurationDefinedPropertiesCanBeOverwrittenViaCommandLine" classname="org.apache.maven.cli.MavenCliTest" time="0.001"/>
  <testcase name="testToolchainsBuildingEvents" classname="org.apache.maven.cli.MavenCliTest" time="0.635">
    <system-err><![CDATA[SLF4J: Class path contains multiple SLF4J bindings.
SLF4J: Found binding in [jar:file:/home/wael/.m2/repository/org/slf4j/slf4j-simple/1.7.36/slf4j-simple-1.7.36.jar!/org/slf4j/impl/StaticLoggerBinder.class]
SLF4J: Found binding in [jar:file:/home/wael/.m2/repository/ch/qos/logback/logback-classic/1.2.13/logback-classic-1.2.13.jar!/org/slf4j/impl/StaticLoggerBinder.class]
SLF4J: See http://www.slf4j.org/codes.html#multiple_bindings for an explanation.
SLF4J: Actual binding is of type [org.slf4j.impl.SimpleLoggerFactory]
]]></system-err>
  </testcase>
  <testcase name="testMavenConfigInvalid" classname="org.apache.maven.cli.MavenCliTest" time="0.008">
    <system-out><![CDATA[
usage: mvn [options] [<goal(s)>] [<phase(s)>]

Options:
 -am,--also-make                         If project list is specified,
                                         also build projects required by
                                         the list
 -amd,--also-make-dependents             If project list is specified,
                                         also build projects that depend
                                         on projects on the list
 -B,--batch-mode                         Run in non-interactive (batch)
                                         mode (disables output color)
 -b,--builder <arg>                      The id of the build strategy to
                                         use
 -C,--strict-checksums                   Fail the build if checksums don't
                                         match
 -c,--lax-checksums                      Warn if checksums don't match
    --color <arg>                        Defines the color mode of the
                                         output. Supported are 'auto',
                                         'always', 'never'.
 -cpu,--check-plugin-updates             Ineffective, only kept for
                                         backward compatibility
 -D,--define <arg>                       Define a user property
 -e,--errors                             Produce execution error messages
 -emp,--encrypt-master-password <arg>    Encrypt master security password
 -ep,--encrypt-password <arg>            Encrypt server password
 -f,--file <arg>                         Force the use of an alternate POM
                                         file (or directory with pom.xml)
 -fae,--fail-at-end                      Only fail the build afterwards;
                                         allow all non-impacted builds to
                                         continue
 -ff,--fail-fast                         Stop at first failure in
                                         reactorized builds
 -fn,--fail-never                        NEVER fail the build, regardless
                                         of project result
 -gs,--global-settings <arg>             Alternate path for the global
                                         settings file
 -gt,--global-toolchains <arg>           Alternate path for the global
                                         toolchains file
 -h,--help                               Display help information
 -itr,--ignore-transitive-repositories   If set, Maven will ignore remote
                                         repositories introduced by
                                         transitive dependencies.
 -l,--log-file <arg>                     Log file where all build output
                                         will go (disables output color)
 -llr,--legacy-local-repository          UNSUPPORTED: Use of this option
                                         will make Maven invocation fail.
 -N,--non-recursive                      Do not recurse into sub-projects
 -npr,--no-plugin-registry               Ineffective, only kept for
                                         backward compatibility
 -npu,--no-plugin-updates                Ineffective, only kept for
                                         backward compatibility
 -nsu,--no-snapshot-updates              Suppress SNAPSHOT updates
 -ntp,--no-transfer-progress             Do not display transfer progress
                                         when downloading or uploading
 -o,--offline                            Work offline
 -P,--activate-profiles <arg>            Comma-delimited list of profiles
                                         to activate
 -pl,--projects <arg>                    Comma-delimited list of specified
                                         reactor projects to build instead
                                         of all projects. A project can be
                                         specified by [groupId]:artifactId
                                         or by its relative path
 -q,--quiet                              Quiet output - only show errors
 -rf,--resume-from <arg>                 Resume reactor from specified
                                         project
 -s,--settings <arg>                     Alternate path for the user
                                         settings file
 -t,--toolchains <arg>                   Alternate path for the user
                                         toolchains file
 -T,--threads <arg>                      Thread count, for instance 4
                                         (int) or 2C/2.5C (int/float)
                                         where C is core multiplied
 -U,--update-snapshots                   Forces a check for missing
                                         releases and updated snapshots on
                                         remote repositories
 -up,--update-plugins                    Ineffective, only kept for
                                         backward compatibility
 -v,--version                            Display version information
 -V,--show-version                       Display version information
                                         WITHOUT stopping build
 -X,--debug                              Produce execution debug output

]]></system-out>
    <system-err><![CDATA[Unable to parse maven.config file options: Unrecognized maven.config file entries: [deploy]
]]></system-err>
  </testcase>
  <testcase name="testVersionStringWithoutAnsi" classname="org.apache.maven.cli.MavenCliTest" time="0.0"/>
  <testcase name="testPropertiesInterpolation" classname="org.apache.maven.cli.MavenCliTest" time="0.002"/>
  <testcase name="testMVNConfigurationCLIRepeatedPropertiesLastWins" classname="org.apache.maven.cli.MavenCliTest" time="0.001"/>
  <testcase name="testMVNConfigurationFunkyArguments" classname="org.apache.maven.cli.MavenCliTest" time="0.003"/>
  <testcase name="testCalculateDegreeOfConcurrency" classname="org.apache.maven.cli.MavenCliTest" time="0.001"/>
  <testcase name="testMavenConfig" classname="org.apache.maven.cli.MavenCliTest" time="0.001"/>
</testsuite>