<?xml version="1.0" encoding="UTF-8"?>
<testsuite xmlns:xsi="http://www.w3.org/2001/XMLSchema-instance" xsi:noNamespaceSchemaLocation="https://maven.apache.org/surefire/maven-surefire-plugin/xsd/surefire-test-report-3.0.xsd" version="3.0" name="org.apache.maven.building.DefaultProblemTest" time="0.004" tests="7" errors="0" skipped="0" failures="0">
  <properties>
[...]
</properties>
  <testcase name="testGetException" classname="org.apache.maven.building.DefaultProblemTest" time="0.0"/>
  <testcase name="testGetSeverity" classname="org.apache.maven.building.DefaultProblemTest" time="0.0"/>
  <testcase name="testGetLocation" classname="org.apache.maven.building.DefaultProblemTest" time="0.0"/>
  <testcase name="testGetColumnNumber" classname="org.apache.maven.building.DefaultProblemTest" time="0.0"/>
  <testcase name="testGetLineNumber" classname="org.apache.maven.building.DefaultProblemTest" time="0.0"/>
  <testcase name="testGetMessage" classname="org.apache.maven.building.DefaultProblemTest" time="0.002"/>
  <testcase name="testGetSource" classname="org.apache.maven.building.DefaultProblemTest" time="0.0"/>
</testsuite>