<?xml version="1.0" encoding="UTF-8"?>
<testsuite xmlns:xsi="http://www.w3.org/2001/XMLSchema-instance" xsi:noNamespaceSchemaLocation="https://maven.apache.org/surefire/maven-surefire-plugin/xsd/surefire-test-report-3.0.xsd" version="3.0" name="org.apache.maven.model.validation.DefaultModelValidatorTest" time="0.087" tests="67" errors="0" skipped="0" failures="0">
  <properties>
[...]
</properties>
  <testcase name="testCiFriendlyBad" classname="org.apache.maven.model.validation.DefaultModelValidatorTest" time="0.001"/>
  <testcase name="testCiFriendlyBadSha1Plus" classname="org.apache.maven.model.validation.DefaultModelValidatorTest" time="0.001"/>
  <testcase name="testBadVersion" classname="org.apache.maven.model.validation.DefaultModelValidatorTest" time="0.0"/>
  <testcase name="testDeprecatedDependencyMetaversionsLatestAndRelease" classname="org.apache.maven.model.validation.DefaultModelValidatorTest" time="0.001"/>
  <testcase name="testBadRepositoryId" classname="org.apache.maven.model.validation.DefaultModelValidatorTest" time="0.001"/>
  <testcase name="testCiFriendlyAllExpressions" classname="org.apache.maven.model.validation.DefaultModelValidatorTest" time="0.001"/>
  <testcase name="testMissingPluginDependencyGroupId" classname="org.apache.maven.model.validation.DefaultModelValidatorTest" time="0.001"/>
  <testcase name="testMissingDependencyManagementGroupId" classname="org.apache.maven.model.validation.DefaultModelValidatorTest" time="0.0"/>
  <testcase name="testMissingPluginDependencyVersion" classname="org.apache.maven.model.validation.DefaultModelValidatorTest" time="0.003"/>
  <testcase name="testMissingDependencyExclusionId" classname="org.apache.maven.model.validation.DefaultModelValidatorTest" time="0.0"/>
  <testcase name="testEmptyPluginVersion" classname="org.apache.maven.model.validation.DefaultModelValidatorTest" time="0.001"/>
  <testcase name="testCiFriendlyRevision" classname="org.apache.maven.model.validation.DefaultModelValidatorTest" time="0.001"/>
  <testcase name="testBadDependencyScope" classname="org.apache.maven.model.validation.DefaultModelValidatorTest" time="0.001"/>
  <testcase name="testDuplicateProfileId" classname="org.apache.maven.model.validation.DefaultModelValidatorTest" time="0.001"/>
  <testcase name="testMissingArtifactId" classname="org.apache.maven.model.validation.DefaultModelValidatorTest" time="0.001"/>
  <testcase name="testReservedRepositoryId" classname="org.apache.maven.model.validation.DefaultModelValidatorTest" time="0.001"/>
  <testcase name="testParentVersionRELEASE" classname="org.apache.maven.model.validation.DefaultModelValidatorTest" time="0.001"/>
  <testcase name="testRepositoryWithExpression" classname="org.apache.maven.model.validation.DefaultModelValidatorTest" time="0.001"/>
  <testcase name="testMissingRepositoryId" classname="org.apache.maven.model.validation.DefaultModelValidatorTest" time="0.002"/>
  <testcase name="testDuplicatePluginExecution" classname="org.apache.maven.model.validation.DefaultModelValidatorTest" time="0.001"/>
  <testcase name="testMissingReportPluginVersion" classname="org.apache.maven.model.validation.DefaultModelValidatorTest" time="0.001"/>
  <testcase name="testMissingAll" classname="org.apache.maven.model.validation.DefaultModelValidatorTest" time="0.025"/>
  <testcase name="testBadDependencyManagementScope" classname="org.apache.maven.model.validation.DefaultModelValidatorTest" time="0.0"/>
  <testcase name="testProfileActivationWithAllowedExpression" classname="org.apache.maven.model.validation.DefaultModelValidatorTest" time="0.002"/>
  <testcase name="testMissingDependencyManagementArtifactId" classname="org.apache.maven.model.validation.DefaultModelValidatorTest" time="0.003"/>
  <testcase name="testBadImportScopeType" classname="org.apache.maven.model.validation.DefaultModelValidatorTest" time="0.0"/>
  <testcase name="testProfileActivationFileWithProjectExpression" classname="org.apache.maven.model.validation.DefaultModelValidatorTest" time="0.001"/>
  <testcase name="testBadDependencyVersion" classname="org.apache.maven.model.validation.DefaultModelValidatorTest" time="0.001"/>
  <testcase name="testMissingPluginArtifactId" classname="org.apache.maven.model.validation.DefaultModelValidatorTest" time="0.0"/>
  <testcase name="testSelfReferencingDependencyInRawModel" classname="org.apache.maven.model.validation.DefaultModelValidatorTest" time="0.001"/>
  <testcase name="testMissingResourceDirectory" classname="org.apache.maven.model.validation.DefaultModelValidatorTest" time="0.0"/>
  <testcase name="testBadPluginDependencyScope" classname="org.apache.maven.model.validation.DefaultModelValidatorTest" time="0.0"/>
  <testcase name="testCiFriendlyChangeList" classname="org.apache.maven.model.validation.DefaultModelValidatorTest" time="0.001"/>
  <testcase name="testCiFriendlySha1" classname="org.apache.maven.model.validation.DefaultModelValidatorTest" time="0.0"/>
  <testcase name="testBadImportScopeClassifier" classname="org.apache.maven.model.validation.DefaultModelValidatorTest" time="0.0"/>
  <testcase name="testEmptyModule" classname="org.apache.maven.model.validation.DefaultModelValidatorTest" time="0.0"/>
  <testcase name="testDuplicateModule" classname="org.apache.maven.model.validation.DefaultModelValidatorTest" time="0.001"/>
  <testcase name="testCiFriendlyBadSha1Plus2" classname="org.apache.maven.model.validation.DefaultModelValidatorTest" time="0.0"/>
  <testcase name="testInvalidVersionInPluginManagement" classname="org.apache.maven.model.validation.DefaultModelValidatorTest" time="0.0"/>
  <testcase name="testHardCodedSystemPath" classname="org.apache.maven.model.validation.DefaultModelValidatorTest" time="0.001"/>
  <testcase name="testDuplicatePlugin" classname="org.apache.maven.model.validation.DefaultModelValidatorTest" time="0.001"/>
  <testcase name="testIncompleteParent" classname="org.apache.maven.model.validation.DefaultModelValidatorTest" time="0.001"/>
  <testcase name="testDistributionManagementStatus" classname="org.apache.maven.model.validation.DefaultModelValidatorTest" time="0.0"/>
  <testcase name="testMissingType" classname="org.apache.maven.model.validation.DefaultModelValidatorTest" time="0.001"/>
  <testcase name="testMissingDependencyGroupId" classname="org.apache.maven.model.validation.DefaultModelValidatorTest" time="0.0"/>
  <testcase name="testInvalidGroupAndArtifactIdInPluginManagement" classname="org.apache.maven.model.validation.DefaultModelValidatorTest" time="0.001"/>
  <testcase name="testSelfReferencingDependencyWithClassifierInRawModel" classname="org.apache.maven.model.validation.DefaultModelValidatorTest" time="0.001"/>
  <testcase name="testBadModelVersion" classname="org.apache.maven.model.validation.DefaultModelValidatorTest" time="0.002"/>
  <testcase name="testMissingDependencyVersion" classname="org.apache.maven.model.validation.DefaultModelValidatorTest" time="0.001"/>
  <testcase name="testMissingGroupId" classname="org.apache.maven.model.validation.DefaultModelValidatorTest" time="0.001"/>
  <testcase name="testMissingVersion" classname="org.apache.maven.model.validation.DefaultModelValidatorTest" time="0.001"/>
  <testcase name="testParentVersionLATEST" classname="org.apache.maven.model.validation.DefaultModelValidatorTest" time="0.001"/>
  <testcase name="testModelVersion40" classname="org.apache.maven.model.validation.DefaultModelValidatorTest" time="0.0"/>
  <testcase name="testInvalidGroupIdInPluginManagement" classname="org.apache.maven.model.validation.DefaultModelValidatorTest" time="0.001"/>
  <testcase name="testInvalidArtifactIdInPluginManagement" classname="org.apache.maven.model.validation.DefaultModelValidatorTest" time="0.001"/>
  <testcase name="testBadDependencyExclusionId" classname="org.apache.maven.model.validation.DefaultModelValidatorTest" time="0.001"/>
  <testcase name="testMissingDependencyArtifactId" classname="org.apache.maven.model.validation.DefaultModelValidatorTest" time="0.0"/>
  <testcase name="testMissingModelVersion" classname="org.apache.maven.model.validation.DefaultModelValidatorTest" time="0.0"/>
  <testcase name="testSystemPathRefersToProjectBasedir" classname="org.apache.maven.model.validation.DefaultModelValidatorTest" time="0.001"/>
  <testcase name="testInvalidAggregatorPackaging" classname="org.apache.maven.model.validation.DefaultModelValidatorTest" time="0.0"/>
  <testcase name="testBadSnapshotVersion" classname="org.apache.maven.model.validation.DefaultModelValidatorTest" time="0.001"/>
  <testcase name="testInvalidIds" classname="org.apache.maven.model.validation.DefaultModelValidatorTest" time="0.0"/>
  <testcase name="testBadPluginVersion" classname="org.apache.maven.model.validation.DefaultModelValidatorTest" time="0.001"/>
  <testcase name="testBadPluginDependencyVersion" classname="org.apache.maven.model.validation.DefaultModelValidatorTest" time="0.0"/>
  <testcase name="testProfileActivationPropertyWithProjectExpression" classname="org.apache.maven.model.validation.DefaultModelValidatorTest" time="0.0"/>
  <testcase name="testRepositoryWithBasedirExpression" classname="org.apache.maven.model.validation.DefaultModelValidatorTest" time="0.0"/>
  <testcase name="testMissingPluginDependencyArtifactId" classname="org.apache.maven.model.validation.DefaultModelValidatorTest" time="0.001"/>
</testsuite>